In file included from [01m[K/opt/ros/noetic/include/ros/ros.h:40[m[K,
                 from [01m[K/home/manuel/ROS_ws/exercise_2/src/vacuum_cleaner_srv/src/charging_station.cpp:1[m[K:
[01m[K/home/manuel/ROS_ws/exercise_2/src/vacuum_cleaner_srv/src/charging_station.cpp:[m[K In function ‘[01m[Kint main(int, char**)[m[K’:
[01m[K/home/manuel/ROS_ws/exercise_2/src/vacuum_cleaner_srv/src/charging_station.cpp:26:18:[m[K [01;35m[Kwarning: [m[Kformat ‘[01m[K%d[m[K’ expects argument of type ‘[01m[Kint[m[K’, but argument 8 has type ‘[01m[Kdouble[m[K’ [[01;35m[K-Wformat=[m[K]
   26 |         ROS_INFO([01;35m[K"Robot info battery: %d"[m[K, [32m[Ksrv.response.info_robot.batteryStatus[m[K);
      |                  [01;35m[K^~~~~~~~~~~~~~~~~~~~~~~~[m[K  [32m[K~~~~~~~~~~~~~~~~~~~~~~~~~~~~~~~~~~~~~[m[K
      |                                                                    [32m[K|[m[K
      |                                                                    [32m[Kdouble[m[K
[01m[K/opt/ros/noetic/include/ros/console.h:351:165:[m[K [01;36m[Knote: [m[Kin definition of macro ‘[01m[KROSCONSOLE_PRINT_AT_LOCATION_WITH_FILTER[m[K’
  351 |     ::ros::console::print(filter, __rosconsole_define_location__loc.logger_, __rosconsole_define_location__loc.level_, __FILE__, __LINE__, __ROSCONSOLE_FUNCTION__, [01;36m[K__VA_ARGS__[m[K)
      |                                                                                                                                                                     [01;36m[K^~~~~~~~~~~[m[K
[01m[K/opt/ros/noetic/include/ros/console.h:390:7:[m[K [01;36m[Knote: [m[Kin expansion of macro ‘[01m[KROSCONSOLE_PRINT_AT_LOCATION[m[K’
  390 |       [01;36m[KROSCONSOLE_PRINT_AT_LOCATION[m[K(__VA_ARGS__); \
      |       [01;36m[K^~~~~~~~~~~~~~~~~~~~~~~~~~~~[m[K
[01m[K/opt/ros/noetic/include/ros/console.h:575:35:[m[K [01;36m[Knote: [m[Kin expansion of macro ‘[01m[KROS_LOG_COND[m[K’
  575 | #define ROS_LOG(level, name, ...) [01;36m[KROS_LOG_COND[m[K(true, level, name, __VA_ARGS__)
      |                                   [01;36m[K^~~~~~~~~~~~[m[K
[01m[K/opt/ros/noetic/include/rosconsole/macros_generated.h:110:23:[m[K [01;36m[Knote: [m[Kin expansion of macro ‘[01m[KROS_LOG[m[K’
  110 | #define ROS_INFO(...) [01;36m[KROS_LOG[m[K(::ros::console::levels::Info, ROSCONSOLE_DEFAULT_NAME, __VA_ARGS__)
      |                       [01;36m[K^~~~~~~[m[K
[01m[K/home/manuel/ROS_ws/exercise_2/src/vacuum_cleaner_srv/src/charging_station.cpp:26:9:[m[K [01;36m[Knote: [m[Kin expansion of macro ‘[01m[KROS_INFO[m[K’
   26 |         [01;36m[KROS_INFO[m[K("Robot info battery: %d", srv.response.info_robot.batteryStatus);
      |         [01;36m[K^~~~~~~~[m[K
[01m[K/home/manuel/ROS_ws/exercise_2/src/vacuum_cleaner_srv/src/charging_station.cpp:26:40:[m[K [01;36m[Knote: [m[Kformat string is defined here
   26 |         ROS_INFO("Robot info battery: [01;36m[K%d[m[K", srv.response.info_robot.batteryStatus);
      |                                       [01;36m[K~^[m[K
      |                                        [01;36m[K|[m[K
      |                                        [01;36m[Kint[m[K
      |                                       [32m[K%f[m[K
