Linked: (/home/manuel/ROS_ws/exercise_2/devel/.private/vacuum_cleaner_srv/lib/pkgconfig/vacuum_cleaner_srv.pc, /home/manuel/ROS_ws/exercise_2/devel/lib/pkgconfig/vacuum_cleaner_srv.pc)
Linked: (/home/manuel/ROS_ws/exercise_2/devel/.private/vacuum_cleaner_srv/lib/vacuum_cleaner_srv/charging_station, /home/manuel/ROS_ws/exercise_2/devel/lib/vacuum_cleaner_srv/charging_station)
Linked: (/home/manuel/ROS_ws/exercise_2/devel/.private/vacuum_cleaner_srv/lib/vacuum_cleaner_srv/robot, /home/manuel/ROS_ws/exercise_2/devel/lib/vacuum_cleaner_srv/robot)
Linked: (/home/manuel/ROS_ws/exercise_2/devel/.private/vacuum_cleaner_srv/lib/python3/dist-packages/vacuum_cleaner_srv/__init__.py, /home/manuel/ROS_ws/exercise_2/devel/lib/python3/dist-packages/vacuum_cleaner_srv/__init__.py)
Linked: (/home/manuel/ROS_ws/exercise_2/devel/.private/vacuum_cleaner_srv/lib/python3/dist-packages/vacuum_cleaner_srv/msg/_message1.py, /home/manuel/ROS_ws/exercise_2/devel/lib/python3/dist-packages/vacuum_cleaner_srv/msg/_message1.py)
Linked: (/home/manuel/ROS_ws/exercise_2/devel/.private/vacuum_cleaner_srv/lib/python3/dist-packages/vacuum_cleaner_srv/msg/__init__.py, /home/manuel/ROS_ws/exercise_2/devel/lib/python3/dist-packages/vacuum_cleaner_srv/msg/__init__.py)
Linked: (/home/manuel/ROS_ws/exercise_2/devel/.private/vacuum_cleaner_srv/lib/python3/dist-packages/vacuum_cleaner_srv/srv/__init__.py, /home/manuel/ROS_ws/exercise_2/devel/lib/python3/dist-packages/vacuum_cleaner_srv/srv/__init__.py)
Linked: (/home/manuel/ROS_ws/exercise_2/devel/.private/vacuum_cleaner_srv/lib/python3/dist-packages/vacuum_cleaner_srv/srv/_service1.py, /home/manuel/ROS_ws/exercise_2/devel/lib/python3/dist-packages/vacuum_cleaner_srv/srv/_service1.py)
Linked: (/home/manuel/ROS_ws/exercise_2/devel/.private/vacuum_cleaner_srv/share/vacuum_cleaner_srv/cmake/vacuum_cleaner_srvConfig-version.cmake, /home/manuel/ROS_ws/exercise_2/devel/share/vacuum_cleaner_srv/cmake/vacuum_cleaner_srvConfig-version.cmake)
Linked: (/home/manuel/ROS_ws/exercise_2/devel/.private/vacuum_cleaner_srv/share/vacuum_cleaner_srv/cmake/vacuum_cleaner_srv-msg-paths.cmake, /home/manuel/ROS_ws/exercise_2/devel/share/vacuum_cleaner_srv/cmake/vacuum_cleaner_srv-msg-paths.cmake)
Linked: (/home/manuel/ROS_ws/exercise_2/devel/.private/vacuum_cleaner_srv/share/vacuum_cleaner_srv/cmake/vacuum_cleaner_srv-msg-extras.cmake, /home/manuel/ROS_ws/exercise_2/devel/share/vacuum_cleaner_srv/cmake/vacuum_cleaner_srv-msg-extras.cmake)
Linked: (/home/manuel/ROS_ws/exercise_2/devel/.private/vacuum_cleaner_srv/share/vacuum_cleaner_srv/cmake/vacuum_cleaner_srvConfig.cmake, /home/manuel/ROS_ws/exercise_2/devel/share/vacuum_cleaner_srv/cmake/vacuum_cleaner_srvConfig.cmake)
Linked: (/home/manuel/ROS_ws/exercise_2/devel/.private/vacuum_cleaner_srv/share/gennodejs/ros/vacuum_cleaner_srv/_index.js, /home/manuel/ROS_ws/exercise_2/devel/share/gennodejs/ros/vacuum_cleaner_srv/_index.js)
Linked: (/home/manuel/ROS_ws/exercise_2/devel/.private/vacuum_cleaner_srv/share/gennodejs/ros/vacuum_cleaner_srv/msg/_index.js, /home/manuel/ROS_ws/exercise_2/devel/share/gennodejs/ros/vacuum_cleaner_srv/msg/_index.js)
Linked: (/home/manuel/ROS_ws/exercise_2/devel/.private/vacuum_cleaner_srv/share/gennodejs/ros/vacuum_cleaner_srv/msg/message1.js, /home/manuel/ROS_ws/exercise_2/devel/share/gennodejs/ros/vacuum_cleaner_srv/msg/message1.js)
Linked: (/home/manuel/ROS_ws/exercise_2/devel/.private/vacuum_cleaner_srv/share/gennodejs/ros/vacuum_cleaner_srv/srv/_index.js, /home/manuel/ROS_ws/exercise_2/devel/share/gennodejs/ros/vacuum_cleaner_srv/srv/_index.js)
Linked: (/home/manuel/ROS_ws/exercise_2/devel/.private/vacuum_cleaner_srv/share/gennodejs/ros/vacuum_cleaner_srv/srv/service1.js, /home/manuel/ROS_ws/exercise_2/devel/share/gennodejs/ros/vacuum_cleaner_srv/srv/service1.js)
Linked: (/home/manuel/ROS_ws/exercise_2/devel/.private/vacuum_cleaner_srv/share/common-lisp/ros/vacuum_cleaner_srv/msg/_package.lisp, /home/manuel/ROS_ws/exercise_2/devel/share/common-lisp/ros/vacuum_cleaner_srv/msg/_package.lisp)
Linked: (/home/manuel/ROS_ws/exercise_2/devel/.private/vacuum_cleaner_srv/share/common-lisp/ros/vacuum_cleaner_srv/msg/_package_message1.lisp, /home/manuel/ROS_ws/exercise_2/devel/share/common-lisp/ros/vacuum_cleaner_srv/msg/_package_message1.lisp)
Linked: (/home/manuel/ROS_ws/exercise_2/devel/.private/vacuum_cleaner_srv/share/common-lisp/ros/vacuum_cleaner_srv/msg/vacuum_cleaner_srv-msg.asd, /home/manuel/ROS_ws/exercise_2/devel/share/common-lisp/ros/vacuum_cleaner_srv/msg/vacuum_cleaner_srv-msg.asd)
Linked: (/home/manuel/ROS_ws/exercise_2/devel/.private/vacuum_cleaner_srv/share/common-lisp/ros/vacuum_cleaner_srv/msg/message1.lisp, /home/manuel/ROS_ws/exercise_2/devel/share/common-lisp/ros/vacuum_cleaner_srv/msg/message1.lisp)
Linked: (/home/manuel/ROS_ws/exercise_2/devel/.private/vacuum_cleaner_srv/share/common-lisp/ros/vacuum_cleaner_srv/srv/_package.lisp, /home/manuel/ROS_ws/exercise_2/devel/share/common-lisp/ros/vacuum_cleaner_srv/srv/_package.lisp)
Linked: (/home/manuel/ROS_ws/exercise_2/devel/.private/vacuum_cleaner_srv/share/common-lisp/ros/vacuum_cleaner_srv/srv/service1.lisp, /home/manuel/ROS_ws/exercise_2/devel/share/common-lisp/ros/vacuum_cleaner_srv/srv/service1.lisp)
Linked: (/home/manuel/ROS_ws/exercise_2/devel/.private/vacuum_cleaner_srv/share/common-lisp/ros/vacuum_cleaner_srv/srv/vacuum_cleaner_srv-srv.asd, /home/manuel/ROS_ws/exercise_2/devel/share/common-lisp/ros/vacuum_cleaner_srv/srv/vacuum_cleaner_srv-srv.asd)
Linked: (/home/manuel/ROS_ws/exercise_2/devel/.private/vacuum_cleaner_srv/share/common-lisp/ros/vacuum_cleaner_srv/srv/_package_service1.lisp, /home/manuel/ROS_ws/exercise_2/devel/share/common-lisp/ros/vacuum_cleaner_srv/srv/_package_service1.lisp)
Linked: (/home/manuel/ROS_ws/exercise_2/devel/.private/vacuum_cleaner_srv/share/roseus/ros/vacuum_cleaner_srv/manifest.l, /home/manuel/ROS_ws/exercise_2/devel/share/roseus/ros/vacuum_cleaner_srv/manifest.l)
Linked: (/home/manuel/ROS_ws/exercise_2/devel/.private/vacuum_cleaner_srv/share/roseus/ros/vacuum_cleaner_srv/msg/message1.l, /home/manuel/ROS_ws/exercise_2/devel/share/roseus/ros/vacuum_cleaner_srv/msg/message1.l)
Linked: (/home/manuel/ROS_ws/exercise_2/devel/.private/vacuum_cleaner_srv/share/roseus/ros/vacuum_cleaner_srv/srv/service1.l, /home/manuel/ROS_ws/exercise_2/devel/share/roseus/ros/vacuum_cleaner_srv/srv/service1.l)
Linked: (/home/manuel/ROS_ws/exercise_2/devel/.private/vacuum_cleaner_srv/include/vacuum_cleaner_srv/service1Request.h, /home/manuel/ROS_ws/exercise_2/devel/include/vacuum_cleaner_srv/service1Request.h)
Linked: (/home/manuel/ROS_ws/exercise_2/devel/.private/vacuum_cleaner_srv/include/vacuum_cleaner_srv/service1.h, /home/manuel/ROS_ws/exercise_2/devel/include/vacuum_cleaner_srv/service1.h)
Linked: (/home/manuel/ROS_ws/exercise_2/devel/.private/vacuum_cleaner_srv/include/vacuum_cleaner_srv/message1.h, /home/manuel/ROS_ws/exercise_2/devel/include/vacuum_cleaner_srv/message1.h)
Linked: (/home/manuel/ROS_ws/exercise_2/devel/.private/vacuum_cleaner_srv/include/vacuum_cleaner_srv/service1Response.h, /home/manuel/ROS_ws/exercise_2/devel/include/vacuum_cleaner_srv/service1Response.h)
