In file included from [01m[K/opt/ros/noetic/include/ros/ros.h:40[m[K,
                 from [01m[K/home/manuel/ROS_ws/exercise_2/src/vacuum_cleaner_srv/src/charging_station.cpp:1[m[K:
[01m[K/home/manuel/ROS_ws/exercise_2/src/vacuum_cleaner_srv/src/charging_station.cpp:[m[K In function ‘[01m[Kint main(int, char**)[m[K’:
[01m[K/home/manuel/ROS_ws/exercise_2/src/vacuum_cleaner_srv/src/charging_station.cpp:25:82:[m[K [01;31m[Kerror: [m[Krequest for member ‘[01m[Kc_str[m[K’ in ‘[01m[Ksrv.vacuum_cleaner_srv::service1::response.vacuum_cleaner_srv::service1Response_<std::allocator<void> >::info_robot.vacuum_cleaner_srv::message1_<std::allocator<void> >::batteryStatus[m[K’, which is of non-class type ‘[01m[Kvacuum_cleaner_srv::message1_<std::allocator<void> >::_batteryStatus_type[m[K’ {aka ‘[01m[Kfloat[m[K’}
   25 |         ROS_INFO("Robot info field1: %s", srv.response.info_robot.batteryStatus .[01;31m[Kc_str[m[K());
      |                                                                                  [01;31m[K^~~~~[m[K
[01m[K/opt/ros/noetic/include/ros/console.h:351:165:[m[K [01;36m[Knote: [m[Kin definition of macro ‘[01m[KROSCONSOLE_PRINT_AT_LOCATION_WITH_FILTER[m[K’
  351 |     ::ros::console::print(filter, __rosconsole_define_location__loc.logger_, __rosconsole_define_location__loc.level_, __FILE__, __LINE__, __ROSCONSOLE_FUNCTION__, [01;36m[K__VA_ARGS__[m[K)
      |                                                                                                                                                                     [01;36m[K^~~~~~~~~~~[m[K
[01m[K/opt/ros/noetic/include/ros/console.h:390:7:[m[K [01;36m[Knote: [m[Kin expansion of macro ‘[01m[KROSCONSOLE_PRINT_AT_LOCATION[m[K’
  390 |       [01;36m[KROSCONSOLE_PRINT_AT_LOCATION[m[K(__VA_ARGS__); \
      |       [01;36m[K^~~~~~~~~~~~~~~~~~~~~~~~~~~~[m[K
[01m[K/opt/ros/noetic/include/ros/console.h:575:35:[m[K [01;36m[Knote: [m[Kin expansion of macro ‘[01m[KROS_LOG_COND[m[K’
  575 | #define ROS_LOG(level, name, ...) [01;36m[KROS_LOG_COND[m[K(true, level, name, __VA_ARGS__)
      |                                   [01;36m[K^~~~~~~~~~~~[m[K
[01m[K/opt/ros/noetic/include/rosconsole/macros_generated.h:110:23:[m[K [01;36m[Knote: [m[Kin expansion of macro ‘[01m[KROS_LOG[m[K’
  110 | #define ROS_INFO(...) [01;36m[KROS_LOG[m[K(::ros::console::levels::Info, ROSCONSOLE_DEFAULT_NAME, __VA_ARGS__)
      |                       [01;36m[K^~~~~~~[m[K
[01m[K/home/manuel/ROS_ws/exercise_2/src/vacuum_cleaner_srv/src/charging_station.cpp:25:9:[m[K [01;36m[Knote: [m[Kin expansion of macro ‘[01m[KROS_INFO[m[K’
   25 |         [01;36m[KROS_INFO[m[K("Robot info field1: %s", srv.response.info_robot.batteryStatus .c_str());
      |         [01;36m[K^~~~~~~~[m[K
make[2]: *** [CMakeFiles/charging_station.dir/build.make:63: CMakeFiles/charging_station.dir/src/charging_station.cpp.o] Error 1
make[1]: *** [CMakeFiles/Makefile2:335: CMakeFiles/charging_station.dir/all] Error 2
make: *** [Makefile:141: all] Error 2
